[    0.000000] Linux version 4.15.0-99-generic (buildd@lcy01-amd64-013) (gcc version 7.5.0 (Ubuntu 7.5.0-3ubuntu1~18.04)) #100-Ubuntu SMP Wed Apr 22 20:32:56 UTC 2020 (Ubuntu 4.15.0-99.100-generic 4.15.18)
[    0.000000] Command line: BOOT_IMAGE=/boot/vmlinuz-4.15.0-99-generic root=LABEL=cloudimg-rootfs ro console=tty1 console=ttyS0
[    0.000000] KERNEL supported cpus:
[    0.000000]   Intel GenuineIntel
[    0.000000]   AMD AuthenticAMD
[    0.000000]   Centaur CentaurHauls
[    0.000000] x86/fpu: Supporting XSAVE feature 0x001: 'x87 floating point registers'
[    0.000000] x86/fpu: Supporting XSAVE feature 0x002: 'SSE registers'
[    0.000000] x86/fpu: Supporting XSAVE feature 0x004: 'AVX registers'
[    0.000000] x86/fpu: xstate_offset[2]:  576, xstate_sizes[2]:  256
[    0.000000] x86/fpu: Enabled xstate features 0x7, context size is 832 bytes, using 'standard' format.
[    0.000000] e820: BIOS-provided physical RAM map:
[    0.000000] BIOS-e820: [mem 0x0000000000000000-0x000000000009fbff] usable
[    0.000000] BIOS-e820: [mem 0x000000000009fc00-0x000000000009ffff] reserved
[    0.000000] BIOS-e820: [mem 0x00000000000f0000-0x00000000000fffff] reserved
[    0.000000] BIOS-e820: [mem 0x0000000000100000-0x000000003ffeffff] usable
[    0.000000] BIOS-e820: [mem 0x000000003fff0000-0x000000003fffffff] ACPI data
[    0.000000] BIOS-e820: [mem 0x00000000fec00000-0x00000000fec00fff] reserved
[    0.000000] BIOS-e820: [mem 0x00000000fee00000-0x00000000fee00fff] reserved
[    0.000000] BIOS-e820: [mem 0x00000000fffc0000-0x00000000ffffffff] reserved
[    0.000000] NX (Execute Disable) protection: active
[    0.000000] SMBIOS 2.5 present.
[    0.000000] DMI: innotek GmbH VirtualBox/VirtualBox, BIOS VirtualBox 12/01/2006
[    0.000000] Hypervisor detected: KVM
[    0.000000] e820: last_pfn = 0x3fff0 max_arch_pfn = 0x400000000
[    0.000000] MTRR: Disabled
[    0.000000] x86/PAT: MTRRs disabled, skipping PAT initialization too.
[    0.000000] CPU MTRRs all blank - virtualized system.
[    0.000000] x86/PAT: Configuration [0-7]: WB  WT  UC- UC  WB  WT  UC- UC  
[    0.000000] found SMP MP-table at [mem 0x0009fff0-0x0009ffff]
[    0.000000] Scanning 1 areas for low memory corruption
[    0.000000] RAMDISK: [mem 0x35a6b000-0x36d2cfff]
[    0.000000] ACPI: Early table checksum verification disabled
[    0.000000] ACPI: RSDP 0x00000000000E0000 000024 (v02 VBOX  )
[    0.000000] ACPI: XSDT 0x000000003FFF0030 00003C (v01 VBOX   VBOXXSDT 00000001 ASL  00000061)
[    0.000000] ACPI: FACP 0x000000003FFF00F0 0000F4 (v04 VBOX   VBOXFACP 00000001 ASL  00000061)
[    0.000000] ACPI: DSDT 0x000000003FFF0470 0022EA (v02 VBOX   VBOXBIOS 00000002 INTL 20100528)
[    0.000000] ACPI: FACS 0x000000003FFF0200 000040
[    0.000000] ACPI: FACS 0x000000003FFF0200 000040
[    0.000000] ACPI: APIC 0x000000003FFF0240 00005C (v02 VBOX   VBOXAPIC 00000001 ASL  00000061)
[    0.000000] ACPI: SSDT 0x000000003FFF02A0 0001CC (v01 VBOX   VBOXCPUT 00000002 INTL 20100528)
[    0.000000] No NUMA configuration found
[    0.000000] Faking a node at [mem 0x0000000000000000-0x000000003ffeffff]
[    0.000000] NODE_DATA(0) allocated [mem 0x3ffc5000-0x3ffeffff]
[    0.000000] kvm-clock: cpu 0, msr 0:3ff44001, primary cpu clock
[    0.000000] kvm-clock: Using msrs 4b564d01 and 4b564d00
[    0.000000] kvm-clock: using sched offset of 3892842873 cycles
[    0.000000] clocksource: kvm-clock: mask: 0xffffffffffffffff max_cycles: 0x1cd42e4dffb, max_idle_ns: 881590591483 ns
[    0.000000] Zone ranges:
[    0.000000]   DMA      [mem 0x0000000000001000-0x0000000000ffffff]
[    0.000000]   DMA32    [mem 0x0000000001000000-0x000000003ffeffff]
[    0.000000]   Normal   empty
[    0.000000]   Device   empty
[    0.000000] Movable zone start for each node
[    0.000000] Early memory node ranges
[    0.000000]   node   0: [mem 0x0000000000001000-0x000000000009efff]
[    0.000000]   node   0: [mem 0x0000000000100000-0x000000003ffeffff]
[    0.000000] Reserved but unavailable: 98 pages
[    0.000000] Initmem setup node 0 [mem 0x0000000000001000-0x000000003ffeffff]
[    0.000000] ACPI: PM-Timer IO Port: 0x4008
[    0.000000] IOAPIC[0]: apic_id 2, version 32, address 0xfec00000, GSI 0-23
[    0.000000] ACPI: INT_SRC_OVR (bus 0 bus_irq 0 global_irq 2 dfl dfl)
[    0.000000] ACPI: INT_SRC_OVR (bus 0 bus_irq 9 global_irq 9 low level)
[    0.000000] Using ACPI (MADT) for SMP configuration information
[    0.000000] smpboot: Allowing 2 CPUs, 0 hotplug CPUs
[    0.000000] PM: Registered nosave memory: [mem 0x00000000-0x00000fff]
[    0.000000] PM: Registered nosave memory: [mem 0x0009f000-0x0009ffff]
[    0.000000] PM: Registered nosave memory: [mem 0x000a0000-0x000effff]
[    0.000000] PM: Registered nosave memory: [mem 0x000f0000-0x000fffff]
[    0.000000] e820: [mem 0x40000000-0xfebfffff] available for PCI devices
[    0.000000] Booting paravirtualized kernel on KVM
[    0.000000] clocksource: refined-jiffies: mask: 0xffffffff max_cycles: 0xffffffff, max_idle_ns: 7645519600211568 ns
[    0.000000] random: get_random_bytes called from start_kernel+0x99/0x4fd with crng_init=0
[    0.000000] setup_percpu: NR_CPUS:8192 nr_cpumask_bits:2 nr_cpu_ids:2 nr_node_ids:1
[    0.000000] percpu: Embedded 45 pages/cpu s147456 r8192 d28672 u1048576
[    0.000000] PV qspinlock hash table entries: 256 (order: 0, 4096 bytes)
[    0.000000] Built 1 zonelists, mobility grouping on.  Total pages: 257913
[    0.000000] Policy zone: DMA32
[    0.000000] Kernel command line: BOOT_IMAGE=/boot/vmlinuz-4.15.0-99-generic root=LABEL=cloudimg-rootfs ro console=tty1 console=ttyS0
[    0.000000] Memory: 983060K/1048120K available (12300K kernel code, 2481K rwdata, 4268K rodata, 2432K init, 2712K bss, 65060K reserved, 0K cma-reserved)
[    0.000000] SLUB: HWalign=64, Order=0-3, MinObjects=0, CPUs=2, Nodes=1
[    0.000000] Kernel/User page tables isolation: enabled
[    0.000000] ftrace: allocating 39364 entries in 154 pages
[    0.004000] Hierarchical RCU implementation.
[    0.004000] 	RCU restricting CPUs from NR_CPUS=8192 to nr_cpu_ids=2.
[    0.004000] 	Tasks RCU enabled.
[    0.004000] RCU: Adjusting geometry for rcu_fanout_leaf=16, nr_cpu_ids=2
[    0.004000] NR_IRQS: 524544, nr_irqs: 440, preallocated irqs: 16
[    0.004000] Console: colour VGA+ 80x25
[    0.004000] console [tty1] enabled
[    0.004000] console [ttyS0] enabled
[    0.004000] ACPI: Core revision 20170831
[    0.004000] ACPI: 2 ACPI AML tables successfully acquired and loaded
[    0.004000] APIC: Switch to symmetric I/O mode setup
[    0.004000] x2apic enabled
[    0.004000] Switched APIC routing to physical x2apic.
[    0.004000] ..TIMER: vector=0x30 apic1=0 pin1=2 apic2=-1 pin2=-1
[    0.004003] tsc: Detected 2592.000 MHz processor
[    0.004955] Calibrating delay loop (skipped) preset value.. 5184.00 BogoMIPS (lpj=10368000)
[    0.008002] pid_max: default: 32768 minimum: 301
[    0.008983] Security Framework initialized
[    0.009850] Yama: becoming mindful.
[    0.010590] AppArmor: AppArmor initialized
[    0.016060] Dentry cache hash table entries: 131072 (order: 8, 1048576 bytes)
[    0.020054] Inode-cache hash table entries: 65536 (order: 7, 524288 bytes)
[    0.021687] Mount-cache hash table entries: 2048 (order: 2, 16384 bytes)
[    0.023026] Mountpoint-cache hash table entries: 2048 (order: 2, 16384 bytes)
[    0.024267] Last level iTLB entries: 4KB 64, 2MB 8, 4MB 8
[    0.025398] Last level dTLB entries: 4KB 64, 2MB 0, 4MB 0, 1GB 4
[    0.026646] Spectre V1 : Mitigation: usercopy/swapgs barriers and __user pointer sanitization
[    0.028002] Spectre V2 : Mitigation: Full generic retpoline
[    0.029149] Spectre V2 : Spectre v2 / SpectreRSB mitigation: Filling RSB on context switch
[    0.032001] Speculative Store Bypass: Vulnerable
[    0.032980] MDS: Vulnerable: Clear CPU buffers attempted, no microcode
[    0.034499] Freeing SMP alternatives memory: 36K
[    0.145748] smpboot: CPU0: Intel(R) Core(TM) i7-6700HQ CPU @ 2.60GHz (family: 0x6, model: 0x5e, stepping: 0x3)
[    0.148000] Performance Events: unsupported p6 CPU model 94 no PMU driver, software events only.
[    0.148042] Hierarchical SRCU implementation.
[    0.149766] NMI watchdog: Perf event create on CPU 0 failed with -2
[    0.151111] NMI watchdog: Perf NMI watchdog permanently disabled
[    0.152039] smp: Bringing up secondary CPUs ...
[    0.153053] x86: Booting SMP configuration:
[    0.154057] .... node  #0, CPUs:      #1
[    0.004000] kvm-clock: cpu 1, msr 0:3ff44041, secondary cpu clock
[    0.159425] smp: Brought up 1 node, 2 CPUs
[    0.160004] smpboot: Max logical packages: 1
[    0.160986] smpboot: Total of 2 processors activated (10368.00 BogoMIPS)
[    0.162707] devtmpfs: initialized
[    0.164055] x86/mm: Memory block size: 128MB
[    0.165144] evm: security.selinux
[    0.165954] evm: security.SMACK64
[    0.166837] evm: security.SMACK64EXEC
[    0.168002] evm: security.SMACK64TRANSMUTE
[    0.169142] evm: security.SMACK64MMAP
[    0.170012] evm: security.apparmor
[    0.170848] evm: security.ima
[    0.172001] evm: security.capability
[    0.172818] clocksource: jiffies: mask: 0xffffffff max_cycles: 0xffffffff, max_idle_ns: 7645041785100000 ns
[    0.174158] futex hash table entries: 512 (order: 3, 32768 bytes)
[    0.184062] pinctrl core: initialized pinctrl subsystem
[    0.188111] RTC time: 21:31:28, date: 05/17/20
[    0.189416] NET: Registered protocol family 16
[    0.190471] audit: initializing netlink subsys (disabled)
[    0.192028] audit: type=2000 audit(1589751094.072:1): state=initialized audit_enabled=0 res=1
[    0.193769] cpuidle: using governor ladder
[    0.193769] cpuidle: using governor menu
[    0.196039] ACPI: bus type PCI registered
[    0.197041] acpiphp: ACPI Hot Plug PCI Controller Driver version: 0.5
[    0.198537] PCI: Using configuration type 1 for base access
[    0.201094] HugeTLB registered 2.00 MiB page size, pre-allocated 0 pages
[    0.204122] ACPI: Added _OSI(Module Device)
[    0.205326] ACPI: Added _OSI(Processor Device)
[    0.206332] ACPI: Added _OSI(3.0 _SCP Extensions)
[    0.208002] ACPI: Added _OSI(Processor Aggregator Device)
[    0.209440] ACPI: Added _OSI(Linux-Dell-Video)
[    0.210402] ACPI: Added _OSI(Linux-Lenovo-NV-HDMI-Audio)
[    0.212002] ACPI: Added _OSI(Linux-HPI-Hybrid-Graphics)
[    0.213821] ACPI: Executed 1 blocks of module-level executable AML code
[    0.220336] ACPI: Interpreter enabled
[    0.221172] ACPI: (supports S0 S5)
[    0.221990] ACPI: Using IOAPIC for interrupt routing
[    0.223452] PCI: Using host bridge windows from ACPI; if necessary, use "pci=nocrs" and report a bug
[    0.224193] ACPI: Enabled 2 GPEs in block 00 to 07
[    0.234325] ACPI: PCI Root Bridge [PCI0] (domain 0000 [bus 00-ff])
[    0.235621] acpi PNP0A03:00: _OSC: OS supports [ASPM ClockPM Segments MSI]
[    0.236675] acpi PNP0A03:00: _OSC: not requesting OS control; OS requires [ExtendedConfig ASPM ClockPM MSI]
[    0.238991] acpi PNP0A03:00: fail to add MMCONFIG information, can't access extended PCI configuration space under this bridge.
[    0.240457] PCI host bridge to bus 0000:00
[    0.244003] pci_bus 0000:00: root bus resource [io  0x0000-0x0cf7 window]
[    0.245791] pci_bus 0000:00: root bus resource [io  0x0d00-0xffff window]
[    0.248003] pci_bus 0000:00: root bus resource [mem 0x000a0000-0x000bffff window]
[    0.249803] pci_bus 0000:00: root bus resource [mem 0x40000000-0xfdffffff window]
[    0.251481] pci_bus 0000:00: root bus resource [bus 00-ff]
[    0.254355] pci 0000:00:01.1: legacy IDE quirk: reg 0x10: [io  0x01f0-0x01f7]
[    0.256002] pci 0000:00:01.1: legacy IDE quirk: reg 0x14: [io  0x03f6]
[    0.257350] pci 0000:00:01.1: legacy IDE quirk: reg 0x18: [io  0x0170-0x0177]
[    0.260002] pci 0000:00:01.1: legacy IDE quirk: reg 0x1c: [io  0x0376]
[    0.277360] pci 0000:00:07.0: quirk: [io  0x4000-0x403f] claimed by PIIX4 ACPI
[    0.279010] pci 0000:00:07.0: quirk: [io  0x4100-0x410f] claimed by PIIX4 SMB
[    0.286428] ACPI: PCI Interrupt Link [LNKA] (IRQs 5 9 10 *11)
[    0.288375] ACPI: PCI Interrupt Link [LNKB] (IRQs 5 9 *10 11)
[    0.289890] ACPI: PCI Interrupt Link [LNKC] (IRQs 5 *9 10 11)
[    0.291202] ACPI: PCI Interrupt Link [LNKD] (IRQs 5 9 10 *11)
[    0.292338] SCSI subsystem initialized
[    0.293181] pci 0000:00:02.0: vgaarb: setting as boot VGA device
[    0.293246] pci 0000:00:02.0: vgaarb: VGA device added: decodes=io+mem,owns=io+mem,locks=none
[    0.296020] pci 0000:00:02.0: vgaarb: bridge control possible
[    0.297237] vgaarb: loaded
[    0.300068] ACPI: bus type USB registered
[    0.300951] usbcore: registered new interface driver usbfs
[    0.302092] usbcore: registered new interface driver hub
[    0.303180] usbcore: registered new device driver usb
[    0.304045] EDAC MC: Ver: 3.0.0
[    0.305093] PCI: Using ACPI for IRQ routing
[    0.305368] NetLabel: Initializing
[    0.308002] NetLabel:  domain hash size = 128
[    0.308945] NetLabel:  protocols = UNLABELED CIPSOv4 CALIPSO
[    0.310357] NetLabel:  unlabeled traffic allowed by default
[    0.311521] clocksource: Switched to clocksource kvm-clock
[    0.348219] VFS: Disk quotas dquot_6.6.0
[    0.349212] VFS: Dquot-cache hash table entries: 512 (order 0, 4096 bytes)
[    0.350732] AppArmor: AppArmor Filesystem Enabled
[    0.351791] pnp: PnP ACPI init
[    0.353682] pnp: PnP ACPI: found 3 devices
[    0.365246] clocksource: acpi_pm: mask: 0xffffff max_cycles: 0xffffff, max_idle_ns: 2085701024 ns
[    0.367505] NET: Registered protocol family 2
[    0.368641] TCP established hash table entries: 8192 (order: 4, 65536 bytes)
[    0.370145] TCP bind hash table entries: 8192 (order: 5, 131072 bytes)
[    0.381225] TCP: Hash tables configured (established 8192 bind 8192)
[    0.382682] UDP hash table entries: 512 (order: 2, 16384 bytes)
[    0.384074] UDP-Lite hash table entries: 512 (order: 2, 16384 bytes)
[    0.385479] NET: Registered protocol family 1
[    0.386561] pci 0000:00:00.0: Limiting direct PCI/PCI transfers
[    0.387825] pci 0000:00:01.0: Activating ISA DMA hang workarounds
[    0.389177] pci 0000:00:02.0: Video device with shadowed ROM at [mem 0x000c0000-0x000dffff]
[    0.391048] Unpacking initramfs...
[    0.925330] Freeing initrd memory: 19208K
[    0.926846] clocksource: tsc: mask: 0xffffffffffffffff max_cycles: 0x255cb6cc5db, max_idle_ns: 440795203504 ns
[    0.929323] platform rtc_cmos: registered platform RTC device (no PNP device found)
[    0.931112] Scanning for low memory corruption every 60 seconds
[    0.933543] Initialise system trusted keyrings
[    0.934614] Key type blacklist registered
[    0.935892] workingset: timestamp_bits=36 max_order=18 bucket_order=0
[    0.938801] zbud: loaded
[    0.940403] squashfs: version 4.0 (2009/01/31) Phillip Lougher
[    0.942283] fuse init (API version 7.26)
[    0.948086] Key type asymmetric registered
[    0.949108] Asymmetric key parser 'x509' registered
[    0.950321] Block layer SCSI generic (bsg) driver version 0.4 loaded (major 246)
[    0.952207] io scheduler noop registered
[    0.953134] io scheduler deadline registered
[    0.954208] io scheduler cfq registered (default)
[    0.955721] ACPI: AC Adapter [AC] (on-line)
[    0.956892] input: Power Button as /devices/LNXSYSTM:00/LNXPWRBN:00/input/input0
[    0.958672] ACPI: Power Button [PWRF]
[    0.959714] input: Sleep Button as /devices/LNXSYSTM:00/LNXSLPBN:00/input/input1
[    0.961497] ACPI: Sleep Button [SLPF]
[    0.963594] ACPI: Battery Slot [BAT0] (battery present)
[    0.964194] Serial: 8250/16550 driver, 32 ports, IRQ sharing enabled
[    0.987836] 00:02: ttyS0 at I/O 0x3f8 (irq = 4, base_baud = 115200) is a 16550A
[    0.990999] Linux agpgart interface v0.103
[    0.993424] loop: module loaded
[    0.995007] scsi host0: ata_piix
[    0.996324] scsi host1: ata_piix
[    0.997151] ata1: PATA max UDMA/33 cmd 0x1f0 ctl 0x3f6 bmdma 0xd000 irq 14
[    0.998623] ata2: PATA max UDMA/33 cmd 0x170 ctl 0x376 bmdma 0xd008 irq 15
[    1.000155] libphy: Fixed MDIO Bus: probed
[    1.001141] tun: Universal TUN/TAP device driver, 1.6
[    1.002240] PPP generic driver version 2.4.2
[    1.003441] ehci_hcd: USB 2.0 'Enhanced' Host Controller (EHCI) Driver
[    1.004906] ehci-pci: EHCI PCI platform driver
[    1.006131] ehci-platform: EHCI generic platform driver
[    1.007230] ohci_hcd: USB 1.1 'Open' Host Controller (OHCI) Driver
[    1.008611] ohci-pci: OHCI PCI platform driver
[    1.009818] ohci-platform: OHCI generic platform driver
[    1.010990] uhci_hcd: USB Universal Host Controller Interface driver
[    1.012467] i8042: PNP: PS/2 Controller [PNP0303:PS2K,PNP0f03:PS2M] at 0x60,0x64 irq 1,12
[    1.014748] serio: i8042 KBD port at 0x60,0x64 irq 1
[    1.016054] serio: i8042 AUX port at 0x60,0x64 irq 12
[    1.017214] mousedev: PS/2 mouse device common for all mice
[    1.018652] input: AT Translated Set 2 keyboard as /devices/platform/i8042/serio0/input/input2
[    1.020938] rtc_cmos rtc_cmos: rtc core: registered rtc_cmos as rtc0
[    1.022349] rtc_cmos rtc_cmos: alarms up to one day, 114 bytes nvram
[    1.023657] i2c /dev entries driver
[    1.024609] device-mapper: uevent: version 1.0.3
[    1.025894] device-mapper: ioctl: 4.37.0-ioctl (2017-09-20) initialised: dm-devel@redhat.com
[    1.028030] ledtrig-cpu: registered to indicate activity on CPUs
[    1.030675] NET: Registered protocol family 10
[    1.036683] Segment Routing with IPv6
[    1.037504] NET: Registered protocol family 17
[    1.038594] Key type dns_resolver registered
[    1.039946] mce: Using 0 MCE banks
[    1.040898] RAS: Correctable Errors collector initialized.
[    1.042164] sched_clock: Marking stable (1040880358, 0)->(1263815875, -222935517)
[    1.044742] registered taskstats version 1
[    1.045698] Loading compiled-in X.509 certificates
[    1.049880] Loaded X.509 cert 'Build time autogenerated kernel key: 7480108fe56bba9284001dfb9078560125be4684'
[    1.051947] zswap: loaded using pool lzo/zbud
[    1.057516] Key type big_key registered
[    1.058454] Key type trusted registered
[    1.062017] Key type encrypted registered
[    1.062941] AppArmor: AppArmor sha1 policy hashing enabled
[    1.064251] ima: No TPM chip found, activating TPM-bypass! (rc=-19)
[    1.065830] ima: Allocated hash algorithm: sha1
[    1.066895] evm: HMAC attrs: 0x1
[    1.067835]   Magic number: 4:976:550
[    1.068956] tty ttyS26: hash matches
[    1.069736] clockevents clockevent1: hash matches
[    1.070710] acpi PNP0C0F:01: hash matches
[    1.072108] rtc_cmos rtc_cmos: setting system clock to 2020-05-17 21:31:29 UTC (1589751089)
[    1.074148] BIOS EDD facility v0.16 2004-Jun-25, 0 devices found
[    1.075463] EDD information not available.
[    1.177205] Freeing unused kernel image memory: 2432K
[    1.192073] Write protecting the kernel read-only data: 20480k
[    1.198326] Freeing unused kernel image memory: 2008K
[    1.203174] Freeing unused kernel image memory: 1876K
[    1.228380] x86/mm: Checked W+X mappings: passed, no W+X pages found.
[    1.230281] x86/mm: Checking user space page tables
[    1.243144] x86/mm: Checked W+X mappings: passed, no W+X pages found.
Loading, please wait...
starting version 237
[    1.326845] e1000: Intel(R) PRO/1000 Network Driver - version 7.3.21-k8-NAPI
[    1.328393] e1000: Copyright (c) 1999-2006 Intel Corporation.
[    1.332219] Fusion MPT base driver 3.04.20
[    1.333278] Copyright (c) 1999-2008 LSI Corporation
[    1.359901] Fusion MPT SPI Host driver 3.04.20
[    1.369242] AVX2 version of gcm_enc/dec engaged.
[    1.370321] AES CTR mode by8 optimization enabled
[    1.560182] input: ImExPS/2 Generic Explorer Mouse as /devices/platform/i8042/serio1/input/input4
[    1.771746] e1000 0000:00:03.0 eth0: (PCI:33MHz:32-bit) 02:2b:21:86:a5:be
[    1.773499] e1000 0000:00:03.0 eth0: Intel(R) PRO/1000 Network Connection
[    1.776538] e1000 0000:00:03.0 enp0s3: renamed from eth0
[    1.778506] mptbase: ioc0: Initiating bringup
[    1.884798] ioc0: LSI53C1030 A0: Capabilities={Initiator}
[    2.149020] scsi host2: ioc0: LSI53C1030 A0, FwRev=00000000h, Ports=1, MaxQ=256, IRQ=20
[    2.322428] scsi 2:0:0:0: Direct-Access     VBOX     HARDDISK         1.0  PQ: 0 ANSI: 5
[    2.356158] scsi target2:0:0: Beginning Domain Validation
[    2.368783] scsi target2:0:0: Domain Validation skipping write tests
[    2.373409] scsi target2:0:0: Ending Domain Validation
[    2.377888] scsi target2:0:0: asynchronous
[    2.383622] scsi 2:0:1:0: Direct-Access     VBOX     HARDDISK         1.0  PQ: 0 ANSI: 5
[    2.420990] scsi target2:0:1: Beginning Domain Validation
[    2.431016] random: fast init done
[    2.435628] scsi target2:0:1: Domain Validation skipping write tests
[    2.440272] scsi target2:0:1: Ending Domain Validation
[    2.444723] scsi target2:0:1: asynchronous
[    2.468035] random: systemd-udevd: uninitialized urandom read (16 bytes read)
[    2.473491] random: systemd-udevd: uninitialized urandom read (16 bytes read)
[    2.478954] random: systemd-udevd: uninitialized urandom read (16 bytes read)
[    2.483702] sd 2:0:0:0: Attached scsi generic sg0 type 0
[    2.486597] sd 2:0:1:0: Attached scsi generic sg1 type 0
[    2.488129] sd 2:0:1:0: [sdb] 20480 512-byte logical blocks: (10.5 MB/10.0 MiB)
[    2.488913] sd 2:0:0:0: [sda] 20971520 512-byte logical blocks: (10.7 GB/10.0 GiB)
[    2.492104] sd 2:0:1:0: [sdb] Write Protect is off
[    2.497808] sd 2:0:0:0: [sda] Write Protect is off
[    2.498226] sd 2:0:1:0: [sdb] Incomplete mode parameter data
[    2.502320] sd 2:0:1:0: [sdb] Assuming drive cache: write through
[    2.507813] sd 2:0:0:0: [sda] Incomplete mode parameter data
[    2.510302] sd 2:0:0:0: [sda] Assuming drive cache: write through
[    2.516138]  sda: sda1
[    2.518426] sd 2:0:0:0: [sda] Attached SCSI disk
[    2.518498] sd 2:0:1:0: [sdb] Attached SCSI disk
Begin: Loading essential drivers ... [    4.252070] raid6: sse2x1   gen() 10827 MB/s
[    4.300315] raid6: sse2x1   xor()  7710 MB/s
[    4.348146] raid6: sse2x2   gen() 12979 MB/s
[    4.396038] raid6: sse2x2   xor()  8839 MB/s
[    4.444427] raid6: sse2x4   gen() 15218 MB/s
[    4.492734] raid6: sse2x4   xor()  8877 MB/s
[    4.540319] raid6: avx2x1   gen() 21024 MB/s
[    4.588432] raid6: avx2x1   xor() 15020 MB/s
[    4.636339] raid6: avx2x2   gen() 25769 MB/s
[    4.684073] raid6: avx2x2   xor() 15936 MB/s
[    4.732202] raid6: avx2x4   gen() 29300 MB/s
[    4.780048] raid6: avx2x4   xor() 16705 MB/s
[    4.781033] raid6: using algorithm avx2x4 gen() 29300 MB/s
[    4.782787] raid6: .... xor() 16705 MB/s, rmw enabled
[    4.783842] raid6: using avx2x2 recovery algorithm
[    4.786135] xor: automatically using best checksumming function   avx       
[    4.788897] async_tx: api initialized (async)
done.
Begin: Running /scripts/init-premount ... done.
Begin: Mounting root file system ... Begin: Running /scripts/local-top ... done.
Begin: Running /scripts/local-premount ... [    4.838034] Btrfs loaded, crc32c=crc32c-intel
Scanning for Btrfs filesystems
done.
Warning: fsck not present, so skipping root file system
[    4.875417] EXT4-fs (sda1): INFO: recovery required on readonly filesystem
[    4.877283] EXT4-fs (sda1): write access will be enabled during recovery
[    4.955614] EXT4-fs (sda1): recovery complete
[    4.958206] EXT4-fs (sda1): mounted filesystem with ordered data mode. Opts: (null)
done.
Begin: Running /scripts/local-bottom ... done.
Begin: Running /scripts/init-bottom ... done.
[    5.209907] ip_tables: (C) 2000-2006 Netfilter Core Team
[    5.221233] systemd[1]: systemd 237 running in system mode. (+PAM +AUDIT +SELINUX +IMA +APPARMOR +SMACK +SYSVINIT +UTMP +LIBCRYPTSETUP +GCRYPT +GNUTLS +ACL +XZ +LZ4 +SECCOMP +BLKID +ELFUTILS +KMOD -IDN2 +IDN -PCRE2 default-hierarchy=hybrid)
[    5.226326] systemd[1]: Detected virtualization oracle.
[    5.227741] systemd[1]: Detected architecture x86-64.

Welcome to [1mUbuntu 18.04.4 LTS[0m!

[    5.244870] systemd[1]: Set hostname to <ubuntu-bionic>.
[    5.675091] systemd[1]: Set up automount Arbitrary Executable File Formats File System Automount Point.
[[0;32m  OK  [0m] Set up automount Arbitrary Executab…rmats File System Automount Point.
[    5.692967] systemd[1]: Reached target Swap.
[[0;32m  OK  [0m] Reached target Swap.
[    5.695209] systemd[1]: Started Forward Password Requests to Wall Directory Watch.
[[0;32m  OK  [0m] Started Forward Password Requests to Wall Directory Watch.
[    5.701580] systemd[1]: Created slice System Slice.
[[0;32m  OK  [0m] Created slice System Slice.
[    5.704053] systemd[1]: Listening on /dev/initctl Compatibility Named Pipe.
[[0;32m  OK  [0m] Listening on /dev/initctl Compatibility Named Pipe.
[    5.713680] systemd[1]: Listening on Journal Socket.
[[0;32m  OK  [0m] Listening on Journal Socket.
         Mounting POSIX Message Queue File System...
         Starting Uncomplicated firewall...
         Starting Create list of required st…ce nodes for the current kernel...
[[0;32m  OK  [0m] Listening on Device-mapper event daemon FIFOs.
[[0;32m  OK  [0m] Listening on udev Kernel Socket.
[[0;32m  OK  [0m] Listening on Network Service Netlink Socket.
         Starting Remount Root and Kernel File Systems...
         Mounting Huge Pages File System...
[    5.773647] EXT4-fs (sda1): re-mounted. Opts: (null)
         Starting Set the console keyboard layout...
         Starting Load Kernel Modules...
[[0;32m  OK  [0m] Listening on Journal Audit Socket.
[[0;32m  OK  [0m] Listening on Syslog Socket.
[[0;32m  OK  [0m] Listening on Journal Socket (/dev/log).
         Starting Journal Service...
[[0;32m  OK  [0m] Listening on udev Control Socket.
         Starting udev Coldplug all Devices...
[[0;32m  OK  [0m] Created slice User and Session Slice.
[[0;32m  OK  [0m] Reached target Slices.
[[0;32m  OK  [0m] Reached target System Time Synchronized.
[[0;32m  OK  [0m] Listening on LVM2 metadata daemon socket.
         Starting Monitoring of LVM2 mirrors…ng dmeventd or progress polling...
[[0;32m  OK  [0m] Created slice system-serial\x2dgetty.slice.
[    5.829797] Loading iSCSI transport class v2.0-870.
[[0;32m  OK  [0m] Listening on LVM2 poll daemon socket.
[[0;32m  OK  [0m] Reached target User and Group Name Lookups.
         Mounting Kernel Debug File System...
[    5.872296] iscsi: registered transport (tcp)
[[0;32m  OK  [0m] Mounted POSIX Message Queue File System.
[[0;32m  OK  [0m] Started Uncomplicated firewall.
[[0;32m  OK  [0m] Started Create list of required sta…vice nodes for the current kernel.
[[0;32m  OK  [0m] Started Remount Root and Kernel File Systems.
[[0;32m  OK  [0m] Mounted Huge Pages File System.
[[0;32m  OK  [0m] Mounted Kernel Debug File System.
[[0;32m  OK  [0m] Started LVM2 metadata daemon.
         Starting Load/Save Random Seed...
[    5.926312] iscsi: registered transport (iser)
         Starting Create Static Device Nodes in /dev...
[[0;32m  OK  [0m] Started Load Kernel Modules.
[[0;32m  OK  [0m] Started Journal Service.
[[0;32m  OK  [0m] Started Monitoring of LVM2 mirrors,…sing dmeventd or progress polling.
[[0;32m  OK  [0m] Started udev Coldplug all Devices.
[[0;32m  OK  [0m] Started Load/Save Random Seed.
         Starting Flush Journal to Persistent Storage...
         Mounting FUSE Control File System...
         Mounting Kernel Configuration File System...
         Starting Apply Kernel Variables...
[[0;32m  OK  [0m] Mounted FUSE Control File System.
[[0;32m  OK  [0m] Mounted Kernel Configuration File System.
[[0;32m  OK  [0m] Started Create Static Device Nodes in /dev.
         Starting udev Kernel Device Manager...
[[0;32m  OK  [0m] Started Apply Kernel Variables.
[[0;32m  OK  [0m] Started udev Kernel Device Manager.
[[0;32m  OK  [0m] Started Set the console keyboard layout.
[[0;32m  OK  [0m] Started Dispatch Password Requests to Console Directory Watch.
[[0;32m  OK  [0m] Reached target Local Encrypted Volumes.
[[0;32m  OK  [0m] Reached target Local File Systems (Pre).
[[0;32m  OK  [0m] Reached target Local File Systems.
         Starting AppArmor initialization...
         Starting ebtables ruleset management...
         Starting Set console font and keymap...
         Starting Tell Plymouth To Write Out Runtime Data...
[[0;32m  OK  [0m] Started Flush Journal to Persistent Storage.
         Starting Create Volatile Files and Directories...
[[0;32m  OK  [0m] Started Set console font and keymap.
[[0;32m  OK  [0m] Started Tell Plymouth To Write Out Runtime Data.
[[0;32m  OK  [0m] Started Create Volatile Files and Directories.
         Starting Update UTMP about System Boot/Shutdown...
[[0;32m  OK  [0m] Started Update UTMP about System Boot/Shutdown.
[[0;32m  OK  [0m] Started ebtables ruleset management.
[[0;32m  OK  [0m] Started AppArmor initialization.
         Starting Initial cloud-init job (pre-networking)...
[[0;32m  OK  [0m] Found device /dev/ttyS0.
[[0;32m  OK  [0m] Listening on Load/Save RF Kill Switch Status /dev/rfkill Watch.
[    8.154108] cloud-init[509]: Cloud-init v. 19.4-33-gbb4131a2-0ubuntu1~18.04.1 running 'init-local' at Sun, 17 May 2020 21:31:36 +0000. Up 7.85 seconds.
[[0;32m  OK  [0m] Started Initial cloud-init job (pre-networking).
[[0;32m  OK  [0m] Reached target Network (Pre).
         Starting Network Service...
[[0;32m  OK  [0m] Started Network Service.
         Starting Wait for Network to be Configured...
         Starting Network Name Resolution...
[[0;32m  OK  [0m] Started Network Name Resolution.
[[0;32m  OK  [0m] Reached target Host and Network Name Lookups.
[[0;32m  OK  [0m] Reached target Network.
[[0;32m  OK  [0m] Started Wait for Network to be Configured.
         Starting Initial cloud-init job (metadata service crawler)...
[   10.839834] cloud-init[658]: Cloud-init v. 19.4-33-gbb4131a2-0ubuntu1~18.04.1 running 'init' at Sun, 17 May 2020 21:31:39 +0000. Up 10.59 seconds.
[   10.852596] cloud-init[658]: ci-info: ++++++++++++++++++++++++++++++++++++++Net device info++++++++++++++++++++++++++++++++++++++
[   10.864257] cloud-init[658]: ci-info: +--------+------+----------------------------+---------------+--------+-------------------+
[   10.876205] cloud-init[658]: ci-info: | Device |  Up  |          Address           |      Mask     | Scope  |     Hw-Address    |
[   10.877622] cloud-init[658]: ci-info: +--------+------+----------------------------+---------------+--------+-------------------+
[   10.878853] cloud-init[658]: ci-info: | enp0s3 | True |         10.0.2.15          | 255.255.255.0 | global | 02:2b:21:86:a5:be |
[   10.880188] cloud-init[658]: ci-info: | enp0s3 | True | fe80::2b:21ff:fe86:a5be/64 |       .       |  link  | 02:2b:21:86:a5:be |
[   10.881740] cloud-init[658]: ci-info: |   lo   | True |         127.0.0.1          |   255.0.0.0   |  host  |         .         |
[   10.883095] cloud-init[658]: ci-info: |   lo   | True |          ::1/128           |       .       |  host  |         .         |
[   10.884659] cloud-init[658]: ci-info: +--------+------+----------------------------+---------------+--------+-------------------+
[   10.886205] cloud-init[658]: ci-info: ++++++++++++++++++++++++++++Route IPv4 info+++++++++++++++++++++++++++++
[   10.887584] cloud-init[658]: ci-info: +-------+-------------+----------+-----------------+-----------+-------+
[   10.888973] cloud-init[658]: ci-info: | Route | Destination | Gateway  |     Genmask     | Interface | Flags |
[   10.911087] cloud-init[658]: ci-info: +-------+-------------+----------+-----------------+-----------+-------+
[   10.920535] cloud-init[658]: ci-info: |   0   |   0.0.0.0   | 10.0.2.2 |     0.0.0.0     |   enp0s3  |   UG  |
[   10.921960] cloud-init[658]: ci-info: |   1   |   10.0.2.0  | 0.0.0.0  |  255.255.255.0  |   enp0s3  |   U   |
[   10.923171] cloud-init[658]: ci-info: |   2   |   10.0.2.2  | 0.0.0.0  | 255.255.255.255 |   enp0s3  |   UH  |
[   10.932181] cloud-init[658]: ci-info: +-------+-------------+----------+-----------------+-----------+-------+
[   10.948216] cloud-init[658]: ci-info: +++++++++++++++++++Route IPv6 info+++++++++++++++++++
[   10.949331] cloud-init[658]: ci-info: +-------+-------------+---------+-----------+-------+
[   10.950658] cloud-init[658]: ci-info: | Route | Destination | Gateway | Interface | Flags |
[   10.952247] cloud-init[658]: ci-info: +-------+-------------+---------+-----------+-------+
[   10.953543] cloud-init[658]: ci-info: |   1   |  fe80::/64  |    ::   |   enp0s3  |   U   |
[   10.954951] cloud-init[658]: ci-info: |   3   |    local    |    ::   |   enp0s3  |   U   |
[   10.956609] cloud-init[658]: ci-info: |   4   |   ff00::/8  |    ::   |   enp0s3  |   U   |
[   10.972302] cloud-init[658]: ci-info: +-------+-------------+---------+-----------+-------+
[[0;32m  OK  [0m] Started Initial cloud-init job (metadata service crawler).
[[0;32m  OK  [0m] Reached target Cloud-config availability.
[[0;32m  OK  [0m] Reached target Network is Online.
         Starting Availability of block devices...
[[0;32m  OK  [0m] Reached target Remote File Systems (Pre).
[[0;32m  OK  [0m] Reached target Remote File Systems.
[[0;32m  OK  [0m] Reached target System Initialization.
[[0;32m  OK  [0m] Listening on Open-iSCSI iscsid Socket.
[[0;32m  OK  [0m] Started Message of the Day.
[[0;32m  OK  [0m] Started Daily Cleanup of Temporary Directories.
[[0;32m  OK  [0m] Listening on D-Bus System Message Bus Socket.
[[0;32m  OK  [0m] Started Daily apt upgrade and clean activities.
         Starting LXD - unix socket.
[[0;32m  OK  [0m] Started Discard unused blocks once a week.
[[0;32m  OK  [0m] Reached target Timers.
[[0;32m  OK  [0m] Started ACPI Events Check.
[[0;32m  OK  [0m] Reached target Paths.
         Starting Socket activation for snappy daemon.
[[0;32m  OK  [0m] Listening on UUID daemon activation socket.
[[0;32m  OK  [0m] Listening on ACPID Listen Socket.
[[0;32m  OK  [0m] Started Availability of block devices.
[[0;32m  OK  [0m] Listening on LXD - unix socket.
[[0;32m  OK  [0m] Listening on Socket activation for snappy daemon.
[[0;32m  OK  [0m] Reached target Sockets.
[[0;32m  OK  [0m] Reached target Basic System.
[[0;32m  OK  [0m] Started D-Bus System Message Bus.
         Starting Daily apt upgrade and clean activities...
         Starting Accounts Service...
[[0;32m  OK  [0m] Started Regular background program processing daemon.
         Starting Login Service...
         Starting LSB: Record successful boot for GRUB...
[[0;32m  OK  [0m] Started Deferred execution scheduler.
[[0;32m  OK  [0m] Started FUSE filesystem for LXC.
         Starting Dispatcher daemon for systemd-networkd...
         Starting System Logging Service...
         Starting Virtualbox guest utils...
         Starting LSB: automatic crash report generation...
[[0;32m  OK  [0m] Started irqbalance daemon.
         Starting Snappy daemon...
         Starting Permit User Sessions...
         Starting OpenBSD Secure Shell server...
         Starting LXD - container startup/shutdown...
[[0;32m  OK  [0m] Started System Logging Service.
[[0;32m  OK  [0m] Started Permit User Sessions.
[[0;32m  OK  [0m] Started Login Service.
[[0;32m  OK  [0m] Started Unattended Upgrades Shutdown.
         Starting Authorization Manager...
         Starting Terminate Plymouth Boot Screen...
         Starting Hold until boot process finishes up...
[[0;32m  OK  [0m] Started Hold until boot process finishes up.
[[0;32m  OK  [0m] Started OpenBSD Secure Shell server.
[[0;32m  OK  [0m] Started Serial Getty on ttyS0.
         Starting Set console scheme...
[[0;32m  OK  [0m] Started Terminate Plymouth Boot Screen.
[[0;32m  OK  [0m] Started Authorization Manager.
[[0;32m  OK  [0m] Started Accounts Service.
[[0;32m  OK  [0m] Started LSB: automatic crash report generation.
[[0;32m  OK  [0m] Started Set console scheme.
[[0;32m  OK  [0m] Created slice system-getty.slice.
[[0;32m  OK  [0m] Started Getty on tty1.
[[0;32m  OK  [0m] Reached target Login Prompts.
[[0;32m  OK  [0m] Started LSB: Record successful boot for GRUB.
[[0;32m  OK  [0m] Started Dispatcher daemon for systemd-networkd.
[[0;32m  OK  [0m] Started LXD - container startup/shutdown.
[[0;32m  OK  [0m] Started Virtualbox guest utils.
[[0;32m  OK  [0m] Created slice User Slice of vagrant.
         Starting User Manager for UID 1000...
[[0;32m  OK  [0m] Started Session 1 of user vagrant.
[[0;32m  OK  [0m] Started Snappy daemon.
         Starting Wait until snapd is fully seeded...
[[0;32m  OK  [0m] Started Wait until snapd is fully seeded.
         Starting Apply the settings specified in cloud-config...
[[0;32m  OK  [0m] Reached target Multi-User System.
[[0;32m  OK  [0m] Reached target Graphical Interface.
         Starting Update UTMP about System Runlevel Changes...
[[0;32m  OK  [0m] Started Update UTMP about System Runlevel Changes.
[[0;32m  OK  [0m] Started User Manager for UID 1000.
[   14.345215] cloud-init[1142]: Cloud-init v. 19.4-33-gbb4131a2-0ubuntu1~18.04.1 running 'modules:config' at Sun, 17 May 2020 21:31:42 +0000. Up 14.06 seconds.
[[0;32m  OK  [0m] Started Apply the settings specified in cloud-config.
         Starting Execute cloud user/final scripts...
[   15.210333] cloud-init[1254]: Cloud-init v. 19.4-33-gbb4131a2-0ubuntu1~18.04.1 running 'modules:final' at Sun, 17 May 2020 21:31:43 +0000. Up 15.05 seconds.
[   15.212655] cloud-init[1254]: Cloud-init v. 19.4-33-gbb4131a2-0ubuntu1~18.04.1 finished at Sun, 17 May 2020 21:31:43 +0000. Datasource DataSourceNoCloud [seed=/dev/sdb][dsmode=net].  Up 15.19 seconds
[[0;32m  OK  [0m] Started Execute cloud user/final scripts.
[[0;32m  OK  [0m] Reached target Cloud-init target.

Ubuntu 18.04.4 LTS ubuntu-bionic ttyS0

ubuntu-bionic login: 